2019-06-12 11:29:05.137 [info] <0.43.0> Application lager started on node nonode@nohost
2019-06-12 11:29:05.147 [info] <0.43.0> Application gen_stage started on node nonode@nohost
2019-06-12 11:29:05.151 [info] <0.43.0> Application broadway started on node nonode@nohost
2019-06-12 11:29:05.161 [info] <0.43.0> Application xmerl started on node nonode@nohost
2019-06-12 11:29:05.169 [info] <0.43.0> Application jsx started on node nonode@nohost
2019-06-12 11:29:05.178 [info] <0.43.0> Application ranch started on node nonode@nohost
2019-06-12 11:29:05.182 [info] <0.43.0> Application ranch_proxy_protocol started on node nonode@nohost
2019-06-12 11:29:05.186 [info] <0.43.0> Application recon started on node nonode@nohost
2019-06-12 11:29:05.186 [info] <0.43.0> Application rabbit_common started on node nonode@nohost
2019-06-12 11:29:05.194 [info] <0.43.0> Application amqp_client started on node nonode@nohost
2019-06-12 11:29:05.194 [info] <0.43.0> Application amqp started on node nonode@nohost
2019-06-12 11:29:05.194 [info] <0.43.0> Application broadway_rabbitmq started on node nonode@nohost
2019-06-12 11:29:05.206 [info] <0.43.0> Application connection started on node nonode@nohost
2019-06-12 11:29:05.215 [info] <0.43.0> Application db_connection started on node nonode@nohost
2019-06-12 11:29:05.224 [info] <0.43.0> Application decimal started on node nonode@nohost
2019-06-12 11:29:05.227 [info] <0.43.0> Application ecto started on node nonode@nohost
2019-06-12 11:29:05.231 [info] <0.43.0> Application ecto_sql started on node nonode@nohost
2019-06-12 11:29:05.241 [info] <0.43.0> Application websocket_client started on node nonode@nohost
2019-06-12 11:29:05.246 [info] <0.43.0> Application poison started on node nonode@nohost
2019-06-12 11:29:05.250 [info] <0.43.0> Application phoenix_gen_socket_client started on node nonode@nohost
2019-06-12 11:29:05.262 [info] <0.43.0> Application postgrex started on node nonode@nohost
2019-06-12 11:29:06.001 [warning] <0.435.0> lager_error_logger_h dropped 456 messages in the last second that exceeded the limit of 50 messages/sec
