2019-06-21 08:29:41 =ERROR REPORT====
** Generic server <0.1269.0> terminating 
** Last message in was {timeout,#Ref<0.3893184665.467927041.231841>,idle_timeout}
** When Server state == {state,#Port<0.103>,#Ref<0.3893184665.467927041.231841>,<0.1264.0>,<0.1267.0>,{method,rabbit_framing_amqp_0_9_1},{expecting_header,<<>>}}
** Reason for termination == 
** {socket_error,timeout}
2019-06-21 08:29:41 =CRASH REPORT====
  crasher:
    initial call: amqp_main_reader:init/1
    pid: <0.1269.0>
    registered_name: []
    exception exit: {{socket_error,timeout},[{gen_server,handle_common_reply,8,[{file,"gen_server.erl"},{line,751}]},{proc_lib,init_p_do_apply,3,[{file,"proc_lib.erl"},{line,249}]}]}
    ancestors: [<0.1263.0>,<0.1262.0>,amqp_sup,<0.309.0>]
    message_queue_len: 0
    messages: []
    links: [<0.1263.0>,#Port<0.103>]
    dictionary: [{process_name,{amqp_main_reader,<<"client 127.0.0.1:61618 -> 127.0.0.1:5672">>}},{gen_server_call_timeout,60000}]
    trap_exit: false
    status: running
    heap_size: 987
    stack_size: 27
    reductions: 109211
  neighbours:
2019-06-21 08:29:41 =ERROR REPORT====
** Generic server <0.1264.0> terminating 
** Last message in was {socket_error,timeout}
** When Server state == {state,amqp_network_connection,{state,#Port<0.103>,<<"client 127.0.0.1:61618 -> 127.0.0.1:5672">>,10,<0.1268.0>,131072,<0.1263.0>,undefined,false},<0.1267.0>,{amqp_params_network,<<"guest">>,<<"guest">>,<<"/">>,"localhost",5672,0,0,10,50000,none,[fun amqp_auth_mechanisms:plain/3,fun amqp_auth_mechanisms:amqplain/3],[],[]},2047,[{<<"capabilities">>,table,[{<<"publisher_confirms">>,bool,true},{<<"exchange_exchange_bindings">>,bool,true},{<<"basic.nack">>,bool,true},{<<"consumer_cancel_notify">>,bool,true},{<<"connection.blocked">>,bool,true},{<<"consumer_priorities">>,bool,true},{<<"authentication_failure_close">>,bool,true},{<<"per_consumer_qos">>,bool,true},{<<"direct_reply_to">>,bool,true}]},{<<"cluster_name">>,longstr,<<"rabbit@Wolfgangs-MacBook-Pro">>},{<<"copyright">>,longstr,<<"Copyright (C) 2007-2019 Pivotal Software, Inc.">>},{<<"information">>,longstr,<<"Licensed under the MPL.  See https://www.rabbitmq.com/">>},{<<"platform">>,longstr,<<"Erlang/OTP 21.3.7">>},{<<"product">>,longstr,<<"RabbitMQ">>},{<<"version">>,longstr,<<"3.7.14">>}],none,false}
** Reason for termination == 
** {socket_error,timeout}
2019-06-21 08:29:41 =SUPERVISOR REPORT====
     Supervisor: {<0.1263.0>,amqp_connection_type_sup}
     Context:    child_terminated
     Reason:     {socket_error,timeout}
     Offender:   [{pid,<0.1269.0>},{name,main_reader},{mfargs,{amqp_main_reader,start_link,[#Port<0.103>,<0.1264.0>,<0.1267.0>,{method,rabbit_framing_amqp_0_9_1},<<"client 127.0.0.1:61618 -> 127.0.0.1:5672">>]}},{restart_type,transient},{shutdown,30000},{child_type,worker}]

2019-06-21 08:29:41 =SUPERVISOR REPORT====
     Supervisor: {<0.1263.0>,amqp_connection_type_sup}
     Context:    shutdown
     Reason:     reached_max_restart_intensity
     Offender:   [{pid,<0.1269.0>},{name,main_reader},{mfargs,{amqp_main_reader,start_link,[#Port<0.103>,<0.1264.0>,<0.1267.0>,{method,rabbit_framing_amqp_0_9_1},<<"client 127.0.0.1:61618 -> 127.0.0.1:5672">>]}},{restart_type,transient},{shutdown,30000},{child_type,worker}]

2019-06-21 08:29:41 =CRASH REPORT====
  crasher:
    initial call: amqp_gen_connection:init/1
    pid: <0.1264.0>
    registered_name: []
    exception exit: {{socket_error,timeout},[{gen_server,handle_common_reply,8,[{file,"gen_server.erl"},{line,751}]},{proc_lib,init_p_do_apply,3,[{file,"proc_lib.erl"},{line,249}]}]}
    ancestors: [<0.1262.0>,amqp_sup,<0.309.0>]
    message_queue_len: 0
    messages: []
    links: [<0.1262.0>]
    dictionary: [{process_name,{amqp_gen_connection,<<"client 127.0.0.1:61618 -> 127.0.0.1:5672">>}},{gen_server_call_timeout,60000}]
    trap_exit: true
    status: running
    heap_size: 4185
    stack_size: 27
    reductions: 13987
  neighbours:
2019-06-21 08:29:41 =SUPERVISOR REPORT====
     Supervisor: {<0.1262.0>,amqp_connection_sup}
     Context:    child_terminated
     Reason:     {socket_error,timeout}
     Offender:   [{pid,<0.1264.0>},{name,connection},{mfargs,{amqp_gen_connection,start_link,[<0.1263.0>,{amqp_params_network,<<"guest">>,<<"guest">>,<<"/">>,"localhost",5672,0,0,10,50000,none,[fun amqp_auth_mechanisms:plain/3,fun amqp_auth_mechanisms:amqplain/3],[],[]}]}},{restart_type,intrinsic},{shutdown,brutal_kill},{child_type,worker}]

2019-06-21 08:29:41 =SUPERVISOR REPORT====
     Supervisor: {<0.1262.0>,amqp_connection_sup}
     Context:    shutdown
     Reason:     reached_max_restart_intensity
     Offender:   [{pid,<0.1264.0>},{name,connection},{mfargs,{amqp_gen_connection,start_link,[<0.1263.0>,{amqp_params_network,<<"guest">>,<<"guest">>,<<"/">>,"localhost",5672,0,0,10,50000,none,[fun amqp_auth_mechanisms:plain/3,fun amqp_auth_mechanisms:amqplain/3],[],[]}]}},{restart_type,intrinsic},{shutdown,brutal_kill},{child_type,worker}]

2019-06-21 08:32:11 =ERROR REPORT====
** Generic server <0.1338.0> terminating 
** Last message in was {timeout,#Ref<0.3893184665.467927047.212960>,idle_timeout}
** When Server state == {state,#Port<0.104>,#Ref<0.3893184665.467927047.212960>,<0.1333.0>,<0.1336.0>,{method,rabbit_framing_amqp_0_9_1},{expecting_header,<<>>}}
** Reason for termination == 
** {socket_error,timeout}
2019-06-21 08:32:11 =ERROR REPORT====
** Generic server <0.1333.0> terminating 
** Last message in was {socket_error,timeout}
** When Server state == {state,amqp_network_connection,{state,#Port<0.104>,<<"client 127.0.0.1:54420 -> 127.0.0.1:5672">>,10,<0.1337.0>,131072,<0.1332.0>,undefined,false},<0.1336.0>,{amqp_params_network,<<"guest">>,<<"guest">>,<<"/">>,"localhost",5672,0,0,10,50000,none,[fun amqp_auth_mechanisms:plain/3,fun amqp_auth_mechanisms:amqplain/3],[],[]},2047,[{<<"capabilities">>,table,[{<<"publisher_confirms">>,bool,true},{<<"exchange_exchange_bindings">>,bool,true},{<<"basic.nack">>,bool,true},{<<"consumer_cancel_notify">>,bool,true},{<<"connection.blocked">>,bool,true},{<<"consumer_priorities">>,bool,true},{<<"authentication_failure_close">>,bool,true},{<<"per_consumer_qos">>,bool,true},{<<"direct_reply_to">>,bool,true}]},{<<"cluster_name">>,longstr,<<"rabbit@Wolfgangs-MacBook-Pro">>},{<<"copyright">>,longstr,<<"Copyright (C) 2007-2019 Pivotal Software, Inc.">>},{<<"information">>,longstr,<<"Licensed under the MPL.  See https://www.rabbitmq.com/">>},{<<"platform">>,longstr,<<"Erlang/OTP 21.3.7">>},{<<"product">>,longstr,<<"RabbitMQ">>},{<<"version">>,longstr,<<"3.7.14">>}],none,false}
** Reason for termination == 
** {socket_error,timeout}
2019-06-21 08:32:11 =CRASH REPORT====
  crasher:
    initial call: amqp_main_reader:init/1
    pid: <0.1338.0>
    registered_name: []
    exception exit: {{socket_error,timeout},[{gen_server,handle_common_reply,8,[{file,"gen_server.erl"},{line,751}]},{proc_lib,init_p_do_apply,3,[{file,"proc_lib.erl"},{line,249}]}]}
    ancestors: [<0.1332.0>,<0.1331.0>,amqp_sup,<0.309.0>]
    message_queue_len: 0
    messages: []
    links: [<0.1332.0>,#Port<0.104>]
    dictionary: [{process_name,{amqp_main_reader,<<"client 127.0.0.1:54420 -> 127.0.0.1:5672">>}},{gen_server_call_timeout,60000}]
    trap_exit: false
    status: running
    heap_size: 987
    stack_size: 27
    reductions: 3794
  neighbours:
2019-06-21 08:32:11 =SUPERVISOR REPORT====
     Supervisor: {<0.1332.0>,amqp_connection_type_sup}
     Context:    child_terminated
     Reason:     {socket_error,timeout}
     Offender:   [{pid,<0.1338.0>},{name,main_reader},{mfargs,{amqp_main_reader,start_link,[#Port<0.104>,<0.1333.0>,<0.1336.0>,{method,rabbit_framing_amqp_0_9_1},<<"client 127.0.0.1:54420 -> 127.0.0.1:5672">>]}},{restart_type,transient},{shutdown,30000},{child_type,worker}]

2019-06-21 08:32:11 =SUPERVISOR REPORT====
     Supervisor: {<0.1332.0>,amqp_connection_type_sup}
     Context:    shutdown
     Reason:     reached_max_restart_intensity
     Offender:   [{pid,<0.1338.0>},{name,main_reader},{mfargs,{amqp_main_reader,start_link,[#Port<0.104>,<0.1333.0>,<0.1336.0>,{method,rabbit_framing_amqp_0_9_1},<<"client 127.0.0.1:54420 -> 127.0.0.1:5672">>]}},{restart_type,transient},{shutdown,30000},{child_type,worker}]

2019-06-21 08:32:11 =CRASH REPORT====
  crasher:
    initial call: amqp_gen_connection:init/1
    pid: <0.1333.0>
    registered_name: []
    exception exit: {{socket_error,timeout},[{gen_server,handle_common_reply,8,[{file,"gen_server.erl"},{line,751}]},{proc_lib,init_p_do_apply,3,[{file,"proc_lib.erl"},{line,249}]}]}
    ancestors: [<0.1331.0>,amqp_sup,<0.309.0>]
    message_queue_len: 0
    messages: []
    links: [<0.1331.0>]
    dictionary: [{process_name,{amqp_gen_connection,<<"client 127.0.0.1:54420 -> 127.0.0.1:5672">>}},{gen_server_call_timeout,60000}]
    trap_exit: true
    status: running
    heap_size: 4185
    stack_size: 27
    reductions: 13987
  neighbours:
2019-06-21 08:32:11 =SUPERVISOR REPORT====
     Supervisor: {<0.1331.0>,amqp_connection_sup}
     Context:    child_terminated
     Reason:     {socket_error,timeout}
     Offender:   [{pid,<0.1333.0>},{name,connection},{mfargs,{amqp_gen_connection,start_link,[<0.1332.0>,{amqp_params_network,<<"guest">>,<<"guest">>,<<"/">>,"localhost",5672,0,0,10,50000,none,[fun amqp_auth_mechanisms:plain/3,fun amqp_auth_mechanisms:amqplain/3],[],[]}]}},{restart_type,intrinsic},{shutdown,brutal_kill},{child_type,worker}]

2019-06-21 08:32:11 =SUPERVISOR REPORT====
     Supervisor: {<0.1331.0>,amqp_connection_sup}
     Context:    shutdown
     Reason:     reached_max_restart_intensity
     Offender:   [{pid,<0.1333.0>},{name,connection},{mfargs,{amqp_gen_connection,start_link,[<0.1332.0>,{amqp_params_network,<<"guest">>,<<"guest">>,<<"/">>,"localhost",5672,0,0,10,50000,none,[fun amqp_auth_mechanisms:plain/3,fun amqp_auth_mechanisms:amqplain/3],[],[]}]}},{restart_type,intrinsic},{shutdown,brutal_kill},{child_type,worker}]

2019-06-21 09:25:18 =ERROR REPORT====
** Generic server <0.1358.0> terminating 
** Last message in was {timeout,#Ref<0.3893184665.467927046.237985>,idle_timeout}
** When Server state == {state,#Port<0.106>,#Ref<0.3893184665.467927046.237985>,<0.1354.0>,<0.1356.0>,{method,rabbit_framing_amqp_0_9_1},{expecting_header,<<>>}}
** Reason for termination == 
** {socket_error,timeout}
2019-06-21 09:25:18 =CRASH REPORT====
  crasher:
    initial call: amqp_main_reader:init/1
    pid: <0.1358.0>
    registered_name: []
    exception exit: {{socket_error,timeout},[{gen_server,handle_common_reply,8,[{file,"gen_server.erl"},{line,751}]},{proc_lib,init_p_do_apply,3,[{file,"proc_lib.erl"},{line,249}]}]}
    ancestors: [<0.1353.0>,<0.1352.0>,amqp_sup,<0.309.0>]
    message_queue_len: 0
    messages: []
    links: [<0.1353.0>,#Port<0.106>]
    dictionary: [{process_name,{amqp_main_reader,<<"client 127.0.0.1:54662 -> 127.0.0.1:5672">>}},{gen_server_call_timeout,60000}]
    trap_exit: false
    status: running
    heap_size: 987
    stack_size: 27
    reductions: 17008
  neighbours:
2019-06-21 09:25:18 =ERROR REPORT====
** Generic server <0.1354.0> terminating 
** Last message in was {socket_error,timeout}
** When Server state == {state,amqp_network_connection,{state,#Port<0.106>,<<"client 127.0.0.1:54662 -> 127.0.0.1:5672">>,10,<0.1357.0>,131072,<0.1353.0>,undefined,false},<0.1356.0>,{amqp_params_network,<<"guest">>,<<"guest">>,<<"/">>,"localhost",5672,0,0,10,50000,none,[fun amqp_auth_mechanisms:plain/3,fun amqp_auth_mechanisms:amqplain/3],[],[]},2047,[{<<"capabilities">>,table,[{<<"publisher_confirms">>,bool,true},{<<"exchange_exchange_bindings">>,bool,true},{<<"basic.nack">>,bool,true},{<<"consumer_cancel_notify">>,bool,true},{<<"connection.blocked">>,bool,true},{<<"consumer_priorities">>,bool,true},{<<"authentication_failure_close">>,bool,true},{<<"per_consumer_qos">>,bool,true},{<<"direct_reply_to">>,bool,true}]},{<<"cluster_name">>,longstr,<<"rabbit@Wolfgangs-MacBook-Pro">>},{<<"copyright">>,longstr,<<"Copyright (C) 2007-2019 Pivotal Software, Inc.">>},{<<"information">>,longstr,<<"Licensed under the MPL.  See https://www.rabbitmq.com/">>},{<<"platform">>,longstr,<<"Erlang/OTP 21.3.7">>},{<<"product">>,longstr,<<"RabbitMQ">>},{<<"version">>,longstr,<<"3.7.14">>}],none,false}
** Reason for termination == 
** {socket_error,timeout}
2019-06-21 09:25:18 =SUPERVISOR REPORT====
     Supervisor: {<0.1353.0>,amqp_connection_type_sup}
     Context:    child_terminated
     Reason:     {socket_error,timeout}
     Offender:   [{pid,<0.1358.0>},{name,main_reader},{mfargs,{amqp_main_reader,start_link,[#Port<0.106>,<0.1354.0>,<0.1356.0>,{method,rabbit_framing_amqp_0_9_1},<<"client 127.0.0.1:54662 -> 127.0.0.1:5672">>]}},{restart_type,transient},{shutdown,30000},{child_type,worker}]

2019-06-21 09:25:18 =SUPERVISOR REPORT====
     Supervisor: {<0.1353.0>,amqp_connection_type_sup}
     Context:    shutdown
     Reason:     reached_max_restart_intensity
     Offender:   [{pid,<0.1358.0>},{name,main_reader},{mfargs,{amqp_main_reader,start_link,[#Port<0.106>,<0.1354.0>,<0.1356.0>,{method,rabbit_framing_amqp_0_9_1},<<"client 127.0.0.1:54662 -> 127.0.0.1:5672">>]}},{restart_type,transient},{shutdown,30000},{child_type,worker}]

2019-06-21 09:25:18 =CRASH REPORT====
  crasher:
    initial call: amqp_gen_connection:init/1
    pid: <0.1354.0>
    registered_name: []
    exception exit: {{socket_error,timeout},[{gen_server,handle_common_reply,8,[{file,"gen_server.erl"},{line,751}]},{proc_lib,init_p_do_apply,3,[{file,"proc_lib.erl"},{line,249}]}]}
    ancestors: [<0.1352.0>,amqp_sup,<0.309.0>]
    message_queue_len: 0
    messages: []
    links: [<0.1352.0>]
    dictionary: [{process_name,{amqp_gen_connection,<<"client 127.0.0.1:54662 -> 127.0.0.1:5672">>}},{gen_server_call_timeout,60000}]
    trap_exit: true
    status: running
    heap_size: 4185
    stack_size: 27
    reductions: 13987
  neighbours:
2019-06-21 09:25:18 =SUPERVISOR REPORT====
     Supervisor: {<0.1352.0>,amqp_connection_sup}
     Context:    child_terminated
     Reason:     {socket_error,timeout}
     Offender:   [{pid,<0.1354.0>},{name,connection},{mfargs,{amqp_gen_connection,start_link,[<0.1353.0>,{amqp_params_network,<<"guest">>,<<"guest">>,<<"/">>,"localhost",5672,0,0,10,50000,none,[fun amqp_auth_mechanisms:plain/3,fun amqp_auth_mechanisms:amqplain/3],[],[]}]}},{restart_type,intrinsic},{shutdown,brutal_kill},{child_type,worker}]

2019-06-21 09:25:18 =SUPERVISOR REPORT====
     Supervisor: {<0.1352.0>,amqp_connection_sup}
     Context:    shutdown
     Reason:     reached_max_restart_intensity
     Offender:   [{pid,<0.1354.0>},{name,connection},{mfargs,{amqp_gen_connection,start_link,[<0.1353.0>,{amqp_params_network,<<"guest">>,<<"guest">>,<<"/">>,"localhost",5672,0,0,10,50000,none,[fun amqp_auth_mechanisms:plain/3,fun amqp_auth_mechanisms:amqplain/3],[],[]}]}},{restart_type,intrinsic},{shutdown,brutal_kill},{child_type,worker}]

2019-06-21 09:25:18 =SUPERVISOR REPORT====
     Supervisor: {<0.1352.0>,amqp_connection_sup}
     Context:    shutdown_error
     Reason:     shutdown
     Offender:   [{pid,<0.1353.0>},{name,connection_type_sup},{mfargs,{amqp_connection_type_sup,start_link,[]}},{restart_type,transient},{shutdown,infinity},{child_type,supervisor}]

2019-06-21 09:29:19 =ERROR REPORT====
** Generic server <0.1409.0> terminating 
** Last message in was {timeout,#Ref<0.3893184665.467927047.217244>,idle_timeout}
** When Server state == {state,#Port<0.108>,#Ref<0.3893184665.467927047.217244>,<0.1405.0>,<0.1407.0>,{method,rabbit_framing_amqp_0_9_1},{expecting_header,<<>>}}
** Reason for termination == 
** {socket_error,timeout}
2019-06-21 09:29:19 =CRASH REPORT====
  crasher:
    initial call: amqp_main_reader:init/1
    pid: <0.1409.0>
    registered_name: []
    exception exit: {{socket_error,timeout},[{gen_server,handle_common_reply,8,[{file,"gen_server.erl"},{line,751}]},{proc_lib,init_p_do_apply,3,[{file,"proc_lib.erl"},{line,249}]}]}
    ancestors: [<0.1404.0>,<0.1403.0>,amqp_sup,<0.309.0>]
    message_queue_len: 0
    messages: []
    links: [<0.1404.0>,#Port<0.108>]
    dictionary: [{process_name,{amqp_main_reader,<<"client 127.0.0.1:58264 -> 127.0.0.1:5672">>}},{gen_server_call_timeout,60000}]
    trap_exit: false
    status: running
    heap_size: 1598
    stack_size: 27
    reductions: 3036
  neighbours:
2019-06-21 09:29:19 =ERROR REPORT====
** Generic server <0.1405.0> terminating 
** Last message in was {socket_error,timeout}
** When Server state == {state,amqp_network_connection,{state,#Port<0.108>,<<"client 127.0.0.1:58264 -> 127.0.0.1:5672">>,10,<0.1408.0>,131072,<0.1404.0>,undefined,false},<0.1407.0>,{amqp_params_network,<<"guest">>,<<"guest">>,<<"/">>,"localhost",5672,0,0,10,50000,none,[fun amqp_auth_mechanisms:plain/3,fun amqp_auth_mechanisms:amqplain/3],[],[]},2047,[{<<"capabilities">>,table,[{<<"publisher_confirms">>,bool,true},{<<"exchange_exchange_bindings">>,bool,true},{<<"basic.nack">>,bool,true},{<<"consumer_cancel_notify">>,bool,true},{<<"connection.blocked">>,bool,true},{<<"consumer_priorities">>,bool,true},{<<"authentication_failure_close">>,bool,true},{<<"per_consumer_qos">>,bool,true},{<<"direct_reply_to">>,bool,true}]},{<<"cluster_name">>,longstr,<<"rabbit@Wolfgangs-MacBook-Pro">>},{<<"copyright">>,longstr,<<"Copyright (C) 2007-2019 Pivotal Software, Inc.">>},{<<"information">>,longstr,<<"Licensed under the MPL.  See https://www.rabbitmq.com/">>},{<<"platform">>,longstr,<<"Erlang/OTP 21.3.7">>},{<<"product">>,longstr,<<"RabbitMQ">>},{<<"version">>,longstr,<<"3.7.14">>}],none,false}
** Reason for termination == 
** {socket_error,timeout}
2019-06-21 09:29:19 =SUPERVISOR REPORT====
     Supervisor: {<0.1404.0>,amqp_connection_type_sup}
     Context:    child_terminated
     Reason:     {socket_error,timeout}
     Offender:   [{pid,<0.1409.0>},{name,main_reader},{mfargs,{amqp_main_reader,start_link,[#Port<0.108>,<0.1405.0>,<0.1407.0>,{method,rabbit_framing_amqp_0_9_1},<<"client 127.0.0.1:58264 -> 127.0.0.1:5672">>]}},{restart_type,transient},{shutdown,30000},{child_type,worker}]

2019-06-21 09:29:19 =SUPERVISOR REPORT====
     Supervisor: {<0.1404.0>,amqp_connection_type_sup}
     Context:    shutdown
     Reason:     reached_max_restart_intensity
     Offender:   [{pid,<0.1409.0>},{name,main_reader},{mfargs,{amqp_main_reader,start_link,[#Port<0.108>,<0.1405.0>,<0.1407.0>,{method,rabbit_framing_amqp_0_9_1},<<"client 127.0.0.1:58264 -> 127.0.0.1:5672">>]}},{restart_type,transient},{shutdown,30000},{child_type,worker}]

2019-06-21 09:29:19 =CRASH REPORT====
  crasher:
    initial call: amqp_gen_connection:init/1
    pid: <0.1405.0>
    registered_name: []
    exception exit: {{socket_error,timeout},[{gen_server,handle_common_reply,8,[{file,"gen_server.erl"},{line,751}]},{proc_lib,init_p_do_apply,3,[{file,"proc_lib.erl"},{line,249}]}]}
    ancestors: [<0.1403.0>,amqp_sup,<0.309.0>]
    message_queue_len: 0
    messages: []
    links: [<0.1403.0>]
    dictionary: [{process_name,{amqp_gen_connection,<<"client 127.0.0.1:58264 -> 127.0.0.1:5672">>}},{gen_server_call_timeout,60000}]
    trap_exit: true
    status: running
    heap_size: 4185
    stack_size: 27
    reductions: 13987
  neighbours:
2019-06-21 09:29:19 =SUPERVISOR REPORT====
     Supervisor: {<0.1403.0>,amqp_connection_sup}
     Context:    child_terminated
     Reason:     {socket_error,timeout}
     Offender:   [{pid,<0.1405.0>},{name,connection},{mfargs,{amqp_gen_connection,start_link,[<0.1404.0>,{amqp_params_network,<<"guest">>,<<"guest">>,<<"/">>,"localhost",5672,0,0,10,50000,none,[fun amqp_auth_mechanisms:plain/3,fun amqp_auth_mechanisms:amqplain/3],[],[]}]}},{restart_type,intrinsic},{shutdown,brutal_kill},{child_type,worker}]

2019-06-21 09:29:19 =SUPERVISOR REPORT====
     Supervisor: {<0.1403.0>,amqp_connection_sup}
     Context:    shutdown
     Reason:     reached_max_restart_intensity
     Offender:   [{pid,<0.1405.0>},{name,connection},{mfargs,{amqp_gen_connection,start_link,[<0.1404.0>,{amqp_params_network,<<"guest">>,<<"guest">>,<<"/">>,"localhost",5672,0,0,10,50000,none,[fun amqp_auth_mechanisms:plain/3,fun amqp_auth_mechanisms:amqplain/3],[],[]}]}},{restart_type,intrinsic},{shutdown,brutal_kill},{child_type,worker}]

2019-06-21 09:30:30 =ERROR REPORT====
** Generic server <0.1428.0> terminating 
** Last message in was {timeout,#Ref<0.3893184665.467927046.238434>,idle_timeout}
** When Server state == {state,#Port<0.110>,#Ref<0.3893184665.467927046.238434>,<0.1424.0>,<0.1426.0>,{method,rabbit_framing_amqp_0_9_1},{expecting_header,<<>>}}
** Reason for termination == 
** {socket_error,timeout}
2019-06-21 09:30:30 =CRASH REPORT====
  crasher:
    initial call: amqp_main_reader:init/1
    pid: <0.1428.0>
    registered_name: []
    exception exit: {{socket_error,timeout},[{gen_server,handle_common_reply,8,[{file,"gen_server.erl"},{line,751}]},{proc_lib,init_p_do_apply,3,[{file,"proc_lib.erl"},{line,249}]}]}
    ancestors: [<0.1423.0>,<0.1422.0>,amqp_sup,<0.309.0>]
    message_queue_len: 0
    messages: []
    links: [<0.1423.0>,#Port<0.110>]
    dictionary: [{process_name,{amqp_main_reader,<<"client 127.0.0.1:58331 -> 127.0.0.1:5672">>}},{gen_server_call_timeout,60000}]
    trap_exit: false
    status: running
    heap_size: 1598
    stack_size: 27
    reductions: 3036
  neighbours:
2019-06-21 09:30:30 =ERROR REPORT====
** Generic server <0.1424.0> terminating 
** Last message in was {socket_error,timeout}
** When Server state == {state,amqp_network_connection,{state,#Port<0.110>,<<"client 127.0.0.1:58331 -> 127.0.0.1:5672">>,10,<0.1427.0>,131072,<0.1423.0>,undefined,false},<0.1426.0>,{amqp_params_network,<<"guest">>,<<"guest">>,<<"/">>,"localhost",5672,0,0,10,50000,none,[fun amqp_auth_mechanisms:plain/3,fun amqp_auth_mechanisms:amqplain/3],[],[]},2047,[{<<"capabilities">>,table,[{<<"publisher_confirms">>,bool,true},{<<"exchange_exchange_bindings">>,bool,true},{<<"basic.nack">>,bool,true},{<<"consumer_cancel_notify">>,bool,true},{<<"connection.blocked">>,bool,true},{<<"consumer_priorities">>,bool,true},{<<"authentication_failure_close">>,bool,true},{<<"per_consumer_qos">>,bool,true},{<<"direct_reply_to">>,bool,true}]},{<<"cluster_name">>,longstr,<<"rabbit@Wolfgangs-MacBook-Pro">>},{<<"copyright">>,longstr,<<"Copyright (C) 2007-2019 Pivotal Software, Inc.">>},{<<"information">>,longstr,<<"Licensed under the MPL.  See https://www.rabbitmq.com/">>},{<<"platform">>,longstr,<<"Erlang/OTP 21.3.7">>},{<<"product">>,longstr,<<"RabbitMQ">>},{<<"version">>,longstr,<<"3.7.14">>}],none,false}
** Reason for termination == 
** {socket_error,timeout}
2019-06-21 09:30:30 =SUPERVISOR REPORT====
     Supervisor: {<0.1423.0>,amqp_connection_type_sup}
     Context:    child_terminated
     Reason:     {socket_error,timeout}
     Offender:   [{pid,<0.1428.0>},{name,main_reader},{mfargs,{amqp_main_reader,start_link,[#Port<0.110>,<0.1424.0>,<0.1426.0>,{method,rabbit_framing_amqp_0_9_1},<<"client 127.0.0.1:58331 -> 127.0.0.1:5672">>]}},{restart_type,transient},{shutdown,30000},{child_type,worker}]

2019-06-21 09:30:30 =SUPERVISOR REPORT====
     Supervisor: {<0.1423.0>,amqp_connection_type_sup}
     Context:    shutdown
     Reason:     reached_max_restart_intensity
     Offender:   [{pid,<0.1428.0>},{name,main_reader},{mfargs,{amqp_main_reader,start_link,[#Port<0.110>,<0.1424.0>,<0.1426.0>,{method,rabbit_framing_amqp_0_9_1},<<"client 127.0.0.1:58331 -> 127.0.0.1:5672">>]}},{restart_type,transient},{shutdown,30000},{child_type,worker}]

2019-06-21 09:30:30 =CRASH REPORT====
  crasher:
    initial call: amqp_gen_connection:init/1
    pid: <0.1424.0>
    registered_name: []
    exception exit: {{socket_error,timeout},[{gen_server,handle_common_reply,8,[{file,"gen_server.erl"},{line,751}]},{proc_lib,init_p_do_apply,3,[{file,"proc_lib.erl"},{line,249}]}]}
    ancestors: [<0.1422.0>,amqp_sup,<0.309.0>]
    message_queue_len: 0
    messages: []
    links: [<0.1422.0>]
    dictionary: [{process_name,{amqp_gen_connection,<<"client 127.0.0.1:58331 -> 127.0.0.1:5672">>}},{gen_server_call_timeout,60000}]
    trap_exit: true
    status: running
    heap_size: 4185
    stack_size: 27
    reductions: 13987
  neighbours:
2019-06-21 09:30:30 =SUPERVISOR REPORT====
     Supervisor: {<0.1422.0>,amqp_connection_sup}
     Context:    child_terminated
     Reason:     {socket_error,timeout}
     Offender:   [{pid,<0.1424.0>},{name,connection},{mfargs,{amqp_gen_connection,start_link,[<0.1423.0>,{amqp_params_network,<<"guest">>,<<"guest">>,<<"/">>,"localhost",5672,0,0,10,50000,none,[fun amqp_auth_mechanisms:plain/3,fun amqp_auth_mechanisms:amqplain/3],[],[]}]}},{restart_type,intrinsic},{shutdown,brutal_kill},{child_type,worker}]

2019-06-21 09:30:30 =SUPERVISOR REPORT====
     Supervisor: {<0.1422.0>,amqp_connection_sup}
     Context:    shutdown
     Reason:     reached_max_restart_intensity
     Offender:   [{pid,<0.1424.0>},{name,connection},{mfargs,{amqp_gen_connection,start_link,[<0.1423.0>,{amqp_params_network,<<"guest">>,<<"guest">>,<<"/">>,"localhost",5672,0,0,10,50000,none,[fun amqp_auth_mechanisms:plain/3,fun amqp_auth_mechanisms:amqplain/3],[],[]}]}},{restart_type,intrinsic},{shutdown,brutal_kill},{child_type,worker}]

2019-06-21 09:52:53 =ERROR REPORT====
** Generic server <0.1442.0> terminating 
** Last message in was {socket_error,timeout}
** When Server state == {state,amqp_network_connection,{state,#Port<0.112>,<<"client 127.0.0.1:58393 -> 127.0.0.1:5672">>,10,<0.1445.0>,131072,<0.1441.0>,undefined,false},<0.1444.0>,{amqp_params_network,<<"guest">>,<<"guest">>,<<"/">>,"localhost",5672,0,0,10,50000,none,[fun amqp_auth_mechanisms:plain/3,fun amqp_auth_mechanisms:amqplain/3],[],[]},2047,[{<<"capabilities">>,table,[{<<"publisher_confirms">>,bool,true},{<<"exchange_exchange_bindings">>,bool,true},{<<"basic.nack">>,bool,true},{<<"consumer_cancel_notify">>,bool,true},{<<"connection.blocked">>,bool,true},{<<"consumer_priorities">>,bool,true},{<<"authentication_failure_close">>,bool,true},{<<"per_consumer_qos">>,bool,true},{<<"direct_reply_to">>,bool,true}]},{<<"cluster_name">>,longstr,<<"rabbit@Wolfgangs-MacBook-Pro">>},{<<"copyright">>,longstr,<<"Copyright (C) 2007-2019 Pivotal Software, Inc.">>},{<<"information">>,longstr,<<"Licensed under the MPL.  See https://www.rabbitmq.com/">>},{<<"platform">>,longstr,<<"Erlang/OTP 21.3.7">>},{<<"product">>,longstr,<<"RabbitMQ">>},{<<"version">>,longstr,<<"3.7.14">>}],none,false}
** Reason for termination == 
** {socket_error,timeout}
2019-06-21 09:52:53 =ERROR REPORT====
** Generic server <0.1446.0> terminating 
** Last message in was {timeout,#Ref<0.3893184665.467927041.234974>,idle_timeout}
** When Server state == {state,#Port<0.112>,#Ref<0.3893184665.467927041.234974>,<0.1442.0>,<0.1444.0>,{method,rabbit_framing_amqp_0_9_1},{expecting_header,<<>>}}
** Reason for termination == 
** {socket_error,timeout}
2019-06-21 09:52:53 =CRASH REPORT====
  crasher:
    initial call: amqp_main_reader:init/1
    pid: <0.1446.0>
    registered_name: []
    exception exit: {{socket_error,timeout},[{gen_server,handle_common_reply,8,[{file,"gen_server.erl"},{line,751}]},{proc_lib,init_p_do_apply,3,[{file,"proc_lib.erl"},{line,249}]}]}
    ancestors: [<0.1441.0>,<0.1440.0>,amqp_sup,<0.309.0>]
    message_queue_len: 0
    messages: []
    links: [<0.1441.0>,#Port<0.112>]
    dictionary: [{process_name,{amqp_main_reader,<<"client 127.0.0.1:58393 -> 127.0.0.1:5672">>}},{gen_server_call_timeout,60000}]
    trap_exit: false
    status: running
    heap_size: 1598
    stack_size: 27
    reductions: 3036
  neighbours:
2019-06-21 09:52:53 =SUPERVISOR REPORT====
     Supervisor: {<0.1441.0>,amqp_connection_type_sup}
     Context:    child_terminated
     Reason:     {socket_error,timeout}
     Offender:   [{pid,<0.1446.0>},{name,main_reader},{mfargs,{amqp_main_reader,start_link,[#Port<0.112>,<0.1442.0>,<0.1444.0>,{method,rabbit_framing_amqp_0_9_1},<<"client 127.0.0.1:58393 -> 127.0.0.1:5672">>]}},{restart_type,transient},{shutdown,30000},{child_type,worker}]

2019-06-21 09:52:53 =SUPERVISOR REPORT====
     Supervisor: {<0.1441.0>,amqp_connection_type_sup}
     Context:    shutdown
     Reason:     reached_max_restart_intensity
     Offender:   [{pid,<0.1446.0>},{name,main_reader},{mfargs,{amqp_main_reader,start_link,[#Port<0.112>,<0.1442.0>,<0.1444.0>,{method,rabbit_framing_amqp_0_9_1},<<"client 127.0.0.1:58393 -> 127.0.0.1:5672">>]}},{restart_type,transient},{shutdown,30000},{child_type,worker}]

2019-06-21 09:52:53 =CRASH REPORT====
  crasher:
    initial call: amqp_gen_connection:init/1
    pid: <0.1442.0>
    registered_name: []
    exception exit: {{socket_error,timeout},[{gen_server,handle_common_reply,8,[{file,"gen_server.erl"},{line,751}]},{proc_lib,init_p_do_apply,3,[{file,"proc_lib.erl"},{line,249}]}]}
    ancestors: [<0.1440.0>,amqp_sup,<0.309.0>]
    message_queue_len: 0
    messages: []
    links: [<0.1440.0>]
    dictionary: [{process_name,{amqp_gen_connection,<<"client 127.0.0.1:58393 -> 127.0.0.1:5672">>}},{gen_server_call_timeout,60000}]
    trap_exit: true
    status: running
    heap_size: 4185
    stack_size: 27
    reductions: 13987
  neighbours:
2019-06-21 09:52:53 =SUPERVISOR REPORT====
     Supervisor: {<0.1440.0>,amqp_connection_sup}
     Context:    child_terminated
     Reason:     {socket_error,timeout}
     Offender:   [{pid,<0.1442.0>},{name,connection},{mfargs,{amqp_gen_connection,start_link,[<0.1441.0>,{amqp_params_network,<<"guest">>,<<"guest">>,<<"/">>,"localhost",5672,0,0,10,50000,none,[fun amqp_auth_mechanisms:plain/3,fun amqp_auth_mechanisms:amqplain/3],[],[]}]}},{restart_type,intrinsic},{shutdown,brutal_kill},{child_type,worker}]

2019-06-21 09:52:53 =SUPERVISOR REPORT====
     Supervisor: {<0.1440.0>,amqp_connection_sup}
     Context:    shutdown
     Reason:     reached_max_restart_intensity
     Offender:   [{pid,<0.1442.0>},{name,connection},{mfargs,{amqp_gen_connection,start_link,[<0.1441.0>,{amqp_params_network,<<"guest">>,<<"guest">>,<<"/">>,"localhost",5672,0,0,10,50000,none,[fun amqp_auth_mechanisms:plain/3,fun amqp_auth_mechanisms:amqplain/3],[],[]}]}},{restart_type,intrinsic},{shutdown,brutal_kill},{child_type,worker}]

2019-06-21 09:53:41 =SUPERVISOR REPORT====
     Supervisor: {<0.1462.0>,amqp_channel_sup_sup}
     Context:    shutdown_error
     Reason:     shutdown
     Offender:   [{nb_children,1},{name,channel_sup},{mfargs,{amqp_channel_sup,start_link,[network,<0.1461.0>,<<"client 127.0.0.1:58458 -> 127.0.0.1:5672">>]}},{restart_type,temporary},{shutdown,infinity},{child_type,supervisor}]

